2020-05-07 18:23:20.563 [INFO ] [restartedMain] c.e.d.DevopscasestudyApplication - Starting DevopscasestudyApplication on DESKTOP-EAM5H07 with PID 17452 (C:\devops\java\devopscasestudy\target\classes started by SathishkumarA in C:\devops\java\devopscasestudy)
2020-05-07 18:23:20.564 [INFO ] [restartedMain] c.e.d.DevopscasestudyApplication - No active profile set, falling back to default profiles: default
2020-05-07 18:23:21.034 [INFO ] [restartedMain] o.s.d.r.c.RepositoryConfigurationDelegate - Bootstrapping Spring Data JPA repositories in DEFAULT mode.
2020-05-07 18:23:21.050 [INFO ] [restartedMain] o.s.d.r.c.RepositoryConfigurationDelegate - Finished Spring Data repository scanning in 12ms. Found 1 JPA repository interfaces.
2020-05-07 18:23:21.227 [INFO ] [restartedMain] o.s.b.w.e.t.TomcatWebServer - Tomcat initialized with port(s): 8083 (http)
2020-05-07 18:23:21.231 [INFO ] [restartedMain] o.a.c.c.StandardService - Starting service [Tomcat]
2020-05-07 18:23:21.231 [INFO ] [restartedMain] o.a.c.c.StandardEngine - Starting Servlet engine: [Apache Tomcat/9.0.33]
2020-05-07 18:23:21.280 [INFO ] [restartedMain] o.a.c.c.C.[.[.[/] - Initializing Spring embedded WebApplicationContext
2020-05-07 18:23:21.280 [DEBUG] [restartedMain] o.s.w.c.ContextLoader - Published root WebApplicationContext as ServletContext attribute with name [org.springframework.web.context.WebApplicationContext.ROOT]
2020-05-07 18:23:21.280 [INFO ] [restartedMain] o.s.w.c.ContextLoader - Root WebApplicationContext: initialization completed in 713 ms
2020-05-07 18:23:21.347 [INFO ] [restartedMain] o.h.j.i.u.LogHelper - HHH000204: Processing PersistenceUnitInfo [name: default]
2020-05-07 18:23:21.362 [INFO ] [restartedMain] c.z.h.HikariDataSource - HikariPool-3 - Starting...
2020-05-07 18:23:21.372 [INFO ] [restartedMain] c.z.h.HikariDataSource - HikariPool-3 - Start completed.
2020-05-07 18:23:21.373 [INFO ] [restartedMain] o.h.d.Dialect - HHH000400: Using dialect: org.hibernate.dialect.MySQL55Dialect
2020-05-07 18:23:21.751 [INFO ] [restartedMain] o.h.e.t.j.p.i.JtaPlatformInitiator - HHH000490: Using JtaPlatform implementation: [org.hibernate.engine.transaction.jta.platform.internal.NoJtaPlatform]
2020-05-07 18:23:21.751 [INFO ] [restartedMain] o.s.o.j.LocalContainerEntityManagerFactoryBean - Initialized JPA EntityManagerFactory for persistence unit 'default'
2020-05-07 18:23:21.765 [INFO ] [restartedMain] o.s.b.d.a.OptionalLiveReloadServer - LiveReload server is running on port 35729
2020-05-07 18:23:21.844 [WARN ] [restartedMain] o.s.b.a.o.j.JpaBaseConfiguration$JpaWebConfiguration - spring.jpa.open-in-view is enabled by default. Therefore, database queries may be performed during view rendering. Explicitly configure spring.jpa.open-in-view to disable this warning
2020-05-07 18:23:21.894 [INFO ] [restartedMain] o.s.s.c.ThreadPoolTaskExecutor - Initializing ExecutorService 'applicationTaskExecutor'
2020-05-07 18:23:21.900 [DEBUG] [restartedMain] o.s.w.s.m.m.a.RequestMappingHandlerAdapter - ControllerAdvice beans: 0 @ModelAttribute, 0 @InitBinder, 1 RequestBodyAdvice, 1 ResponseBodyAdvice
2020-05-07 18:23:21.914 [DEBUG] [restartedMain] o.s.w.s.m.m.a.RequestMappingHandlerMapping - 8 mappings in 'requestMappingHandlerMapping'
2020-05-07 18:23:21.943 [DEBUG] [restartedMain] o.s.w.s.h.SimpleUrlHandlerMapping - Patterns [/webjars/**, /**] in 'resourceHandlerMapping'
2020-05-07 18:23:21.955 [DEBUG] [restartedMain] o.s.w.s.m.m.a.ExceptionHandlerExceptionResolver - ControllerAdvice beans: 0 @ExceptionHandler, 1 ResponseBodyAdvice
2020-05-07 18:23:22.036 [INFO ] [restartedMain] o.s.b.w.e.t.TomcatWebServer - Tomcat started on port(s): 8083 (http) with context path ''
2020-05-07 18:23:22.038 [INFO ] [restartedMain] c.e.d.DevopscasestudyApplication - Started DevopscasestudyApplication in 1.524 seconds (JVM running for 1075.665)
2020-05-07 18:23:22.042 [INFO ] [restartedMain] o.s.b.d.a.ConditionEvaluationDeltaLoggingListener - Condition evaluation unchanged
2020-05-07 18:25:53.378 [INFO ] [Thread-13] o.s.s.c.ThreadPoolTaskExecutor - Shutting down ExecutorService 'applicationTaskExecutor'
2020-05-07 18:25:53.382 [INFO ] [Thread-13] o.s.o.j.LocalContainerEntityManagerFactoryBean - Closing JPA EntityManagerFactory for persistence unit 'default'
2020-05-07 18:25:53.385 [INFO ] [Thread-13] c.z.h.HikariDataSource - HikariPool-3 - Shutdown initiated...
2020-05-07 18:25:53.397 [INFO ] [Thread-13] c.z.h.HikariDataSource - HikariPool-3 - Shutdown completed.
2020-05-07 18:25:54.408 [INFO ] [restartedMain] c.e.d.DevopscasestudyApplication - Starting DevopscasestudyApplication on DESKTOP-EAM5H07 with PID 17452 (C:\devops\java\devopscasestudy\target\classes started by SathishkumarA in C:\devops\java\devopscasestudy)
2020-05-07 18:25:54.409 [INFO ] [restartedMain] c.e.d.DevopscasestudyApplication - No active profile set, falling back to default profiles: default
2020-05-07 18:25:54.755 [INFO ] [restartedMain] o.s.d.r.c.RepositoryConfigurationDelegate - Bootstrapping Spring Data JPA repositories in DEFAULT mode.
2020-05-07 18:25:54.773 [INFO ] [restartedMain] o.s.d.r.c.RepositoryConfigurationDelegate - Finished Spring Data repository scanning in 17ms. Found 1 JPA repository interfaces.
2020-05-07 18:25:55.006 [INFO ] [restartedMain] o.s.b.w.e.t.TomcatWebServer - Tomcat initialized with port(s): 8083 (http)
2020-05-07 18:25:55.013 [INFO ] [restartedMain] o.a.c.c.StandardService - Starting service [Tomcat]
2020-05-07 18:25:55.014 [INFO ] [restartedMain] o.a.c.c.StandardEngine - Starting Servlet engine: [Apache Tomcat/9.0.33]
2020-05-07 18:25:55.066 [INFO ] [restartedMain] o.a.c.c.C.[.[.[/] - Initializing Spring embedded WebApplicationContext
2020-05-07 18:25:55.066 [INFO ] [restartedMain] o.s.w.c.ContextLoader - Root WebApplicationContext: initialization completed in 654 ms
2020-05-07 18:25:55.146 [INFO ] [restartedMain] o.h.j.i.u.LogHelper - HHH000204: Processing PersistenceUnitInfo [name: default]
2020-05-07 18:25:55.167 [INFO ] [restartedMain] c.z.h.HikariDataSource - HikariPool-4 - Starting...
2020-05-07 18:25:55.181 [INFO ] [restartedMain] c.z.h.HikariDataSource - HikariPool-4 - Start completed.
2020-05-07 18:25:55.182 [INFO ] [restartedMain] o.h.d.Dialect - HHH000400: Using dialect: org.hibernate.dialect.MySQL55Dialect
2020-05-07 18:25:55.607 [INFO ] [restartedMain] o.h.e.t.j.p.i.JtaPlatformInitiator - HHH000490: Using JtaPlatform implementation: [org.hibernate.engine.transaction.jta.platform.internal.NoJtaPlatform]
2020-05-07 18:25:55.610 [INFO ] [restartedMain] o.s.o.j.LocalContainerEntityManagerFactoryBean - Initialized JPA EntityManagerFactory for persistence unit 'default'
2020-05-07 18:25:55.630 [INFO ] [restartedMain] o.s.b.d.a.OptionalLiveReloadServer - LiveReload server is running on port 35729
2020-05-07 18:25:55.748 [WARN ] [restartedMain] o.s.b.a.o.j.JpaBaseConfiguration$JpaWebConfiguration - spring.jpa.open-in-view is enabled by default. Therefore, database queries may be performed during view rendering. Explicitly configure spring.jpa.open-in-view to disable this warning
2020-05-07 18:25:55.831 [INFO ] [restartedMain] o.s.s.c.ThreadPoolTaskExecutor - Initializing ExecutorService 'applicationTaskExecutor'
2020-05-07 18:25:55.972 [INFO ] [restartedMain] o.s.b.w.e.t.TomcatWebServer - Tomcat started on port(s): 8083 (http) with context path ''
2020-05-07 18:25:55.973 [INFO ] [restartedMain] c.e.d.DevopscasestudyApplication - Started DevopscasestudyApplication in 1.626 seconds (JVM running for 1229.599)
2020-05-07 18:25:55.974 [INFO ] [restartedMain] o.s.b.d.a.ConditionEvaluationDeltaLoggingListener - Condition evaluation unchanged
2020-05-07 18:29:02.136 [INFO ] [RMI TCP Connection(7)-127.0.0.1] o.s.b.a.SpringApplicationAdminMXBeanRegistrar$SpringApplicationAdmin - Application shutdown requested.
2020-05-07 18:29:02.369 [INFO ] [RMI TCP Connection(7)-127.0.0.1] o.s.s.c.ThreadPoolTaskExecutor - Shutting down ExecutorService 'applicationTaskExecutor'
2020-05-07 18:29:02.374 [INFO ] [RMI TCP Connection(7)-127.0.0.1] o.s.o.j.LocalContainerEntityManagerFactoryBean - Closing JPA EntityManagerFactory for persistence unit 'default'
2020-05-07 18:29:02.385 [INFO ] [RMI TCP Connection(7)-127.0.0.1] c.z.h.HikariDataSource - HikariPool-4 - Shutdown initiated...
2020-05-07 18:29:02.865 [INFO ] [RMI TCP Connection(7)-127.0.0.1] c.z.h.HikariDataSource - HikariPool-4 - Shutdown completed.
